<?xml version="1.0" encoding="UTF-8"?>
<robot generator="Robot 5.0.1 (Python 3.7.5 on win32)" generated="20220707 15:16:27.331" rpa="true" schemaversion="3">
<suite id="s1" name="Tasks" source="c:\Users\Hewitt\Documents\GitHub\RoboCorp\MyExtendedRobotTemplate\tasks.robot">
<test id="s1-t1" name="Main" line="11">
<kw name="Do String Operations" library="keywords">
<arg>My Name is Ashev Lev</arg>
<kw name="Get Substring" library="String">
<var>${Substring}</var>
<arg>${in_String}</arg>
<arg>5</arg>
<arg>10</arg>
<doc>Returns a substring from ``start`` index to ``end`` index.</doc>
<msg timestamp="20220707 15:16:28.640" level="INFO">${Substring} = me is</msg>
<status status="PASS" starttime="20220707 15:16:28.638" endtime="20220707 15:16:28.642"/>
</kw>
<kw name="Log" library="BuiltIn">
<arg>${Substring}</arg>
<doc>Logs the given message with the given level.</doc>
<msg timestamp="20220707 15:16:28.643" level="INFO">me is</msg>
<status status="PASS" starttime="20220707 15:16:28.642" endtime="20220707 15:16:28.644"/>
</kw>
<status status="PASS" starttime="20220707 15:16:28.636" endtime="20220707 15:16:28.644"/>
</kw>
<status status="PASS" starttime="20220707 15:16:28.633" endtime="20220707 15:16:28.645"/>
</test>
<doc>Template robot main suite.</doc>
<status status="PASS" starttime="20220707 15:16:27.338" endtime="20220707 15:16:28.648"/>
</suite>
<statistics>
<total>
<stat pass="1" fail="0" skip="0">All Tasks</stat>
</total>
<tag>
</tag>
<suite>
<stat pass="1" fail="0" skip="0" id="s1" name="Tasks">Tasks</stat>
</suite>
</statistics>
<errors>
</errors>
</robot>
