<?xml version="1.0" encoding="UTF-8"?>
<robot generator="Robot 5.0.1 (Python 3.7.5 on win32)" generated="20220712 11:35:27.850" rpa="false" schemaversion="3">
<suite id="s1" name="Tests" source="c:\Users\htrinh\Documents\RoboCorp\My-Extended-Producer-Consumer-Robot-Template\tests\tests.robot">
<test id="s1-t1" name="Normal Read Config" line="7">
<kw name="Initialize All Settings" library="shared">
<var>&amp;{Config}</var>
<doc>Return a dictionary that store the jsonconfig and all the tables</doc>
<kw name="Copy Dictionary" library="Collections">
<var>${OutputDict}</var>
<arg>${EMPTY_DICT}</arg>
<doc>Returns a copy of the given dictionary.</doc>
<msg timestamp="20220712 11:35:29.638" level="INFO">${OutputDict} = {}</msg>
<status status="PASS" starttime="20220712 11:35:29.637" endtime="20220712 11:35:29.638"/>
</kw>
<kw name="Load JSON from file" library="RPA.JSON">
<var>${JsonConfig}</var>
<arg>${JsonConfigFilepath}</arg>
<doc>Load JSON data from a file, and return it as JSON serializable object.
Depending on the input file the object can be either a dictionary,
a list, or a scalar value.</doc>
<msg timestamp="20220712 11:35:29.640" level="INFO">Loading JSON from file: c:\Users\htrinh\Documents\RoboCorp\My-Extended-Producer-Consumer-Robot-Template/devdata/env.json</msg>
<msg timestamp="20220712 11:35:29.641" level="INFO">${JsonConfig} = {'ProjectName': 'Template Project', 'RPA_WORKITEMS_ADAPTER': 'RPA.Robocorp.WorkItems.FileAdapter', 'RPA_INPUT_WORKITEM_PATH': '%{ROBOT_ROOT}/devdata/work-items-in/test-input-for-producer/work-items.js...</msg>
<status status="PASS" starttime="20220712 11:35:29.638" endtime="20220712 11:35:29.641"/>
</kw>
<kw name="Set To Dictionary" library="Collections">
<arg>${OutputDict}</arg>
<arg>jsonConfig</arg>
<arg>${JsonConfig}</arg>
<doc>Adds the given ``key_value_pairs`` and ``items`` to the ``dictionary``.</doc>
<status status="PASS" starttime="20220712 11:35:29.641" endtime="20220712 11:35:29.645"/>
</kw>
<for flavor="IN">
<var>${table}</var>
<value>@{tables}</value>
<iter>
<var name="${table}"/>
<kw name="Log" library="BuiltIn">
<arg>${table}</arg>
<doc>Logs the given message with the given level.</doc>
<status status="NOT RUN" starttime="20220712 11:35:29.646" endtime="20220712 11:35:29.648"/>
</kw>
<kw name="Open Workbook" library="RPA.Excel.Files">
<arg>${ExcelConfigFilepath}</arg>
<doc>Open an existing Excel workbook.</doc>
<status status="NOT RUN" starttime="20220712 11:35:29.648" endtime="20220712 11:35:29.648"/>
</kw>
<kw name="Read Worksheet As Table" library="RPA.Excel.Files">
<var>${data}</var>
<arg>name=${table}</arg>
<doc>Read the contents of a worksheet into a Table container. Allows
sorting/filtering/manipulating using the ``RPA.Tables`` library.</doc>
<status status="NOT RUN" starttime="20220712 11:35:29.649" endtime="20220712 11:35:29.650"/>
</kw>
<kw name="Set To Dictionary" library="Collections">
<arg>${OutputDict}</arg>
<arg>${table}</arg>
<arg>${data}</arg>
<doc>Adds the given ``key_value_pairs`` and ``items`` to the ``dictionary``.</doc>
<status status="NOT RUN" starttime="20220712 11:35:29.650" endtime="20220712 11:35:29.650"/>
</kw>
<status status="NOT RUN" starttime="20220712 11:35:29.646" endtime="20220712 11:35:29.651"/>
</iter>
<status status="NOT RUN" starttime="20220712 11:35:29.646" endtime="20220712 11:35:29.651"/>
</for>
<return>
<value>${OutputDict}</value>
<status status="PASS" starttime="20220712 11:35:29.651" endtime="20220712 11:35:29.652"/>
</return>
<msg timestamp="20220712 11:35:29.654" level="INFO">&amp;{Config} = { jsonConfig={'ProjectName': 'Template Project', 'RPA_WORKITEMS_ADAPTER': 'RPA.Robocorp.WorkItems.FileAdapter', 'RPA_INPUT_WORKITEM_PATH': '%{ROBOT_ROOT}/devdata/work-items-in/test-input-for-producer/...</msg>
<status status="PASS" starttime="20220712 11:35:29.635" endtime="20220712 11:35:29.655"/>
</kw>
<kw name="Get From Dictionary" library="Collections">
<var>${JsonConfig}</var>
<arg>${Config}</arg>
<arg>jsonConfig</arg>
<doc>Returns a value from the given ``dictionary`` based on the given ``key``.</doc>
<msg timestamp="20220712 11:35:29.657" level="INFO">${JsonConfig} = {'ProjectName': 'Template Project', 'RPA_WORKITEMS_ADAPTER': 'RPA.Robocorp.WorkItems.FileAdapter', 'RPA_INPUT_WORKITEM_PATH': '%{ROBOT_ROOT}/devdata/work-items-in/test-input-for-producer/work-items.js...</msg>
<status status="PASS" starttime="20220712 11:35:29.656" endtime="20220712 11:35:29.657"/>
</kw>
<kw name="Should Contain" library="BuiltIn">
<arg>${JsonConfig}</arg>
<arg>ProjectName</arg>
<doc>Fails if ``container`` does not contain ``item`` one or more times.</doc>
<status status="PASS" starttime="20220712 11:35:29.659" endtime="20220712 11:35:29.660"/>
</kw>
<status status="PASS" starttime="20220712 11:35:29.633" endtime="20220712 11:35:29.662"/>
</test>
<test id="s1-t2" name="Read Config With Tables" line="12">
<kw name="Create List" library="BuiltIn">
<var>${TableList}</var>
<arg>Table1</arg>
<arg>Table2</arg>
<doc>Returns a list containing given items.</doc>
<msg timestamp="20220712 11:35:29.667" level="INFO">${TableList} = ['Table1', 'Table2']</msg>
<status status="PASS" starttime="20220712 11:35:29.666" endtime="20220712 11:35:29.668"/>
</kw>
<kw name="Initialize All Settings" library="shared">
<var>${JsonConfig}</var>
<arg>${TableList}</arg>
<doc>Return a dictionary that store the jsonconfig and all the tables</doc>
<kw name="Copy Dictionary" library="Collections">
<var>${OutputDict}</var>
<arg>${EMPTY_DICT}</arg>
<doc>Returns a copy of the given dictionary.</doc>
<msg timestamp="20220712 11:35:29.675" level="INFO">${OutputDict} = {}</msg>
<status status="PASS" starttime="20220712 11:35:29.674" endtime="20220712 11:35:29.675"/>
</kw>
<kw name="Load JSON from file" library="RPA.JSON">
<var>${JsonConfig}</var>
<arg>${JsonConfigFilepath}</arg>
<doc>Load JSON data from a file, and return it as JSON serializable object.
Depending on the input file the object can be either a dictionary,
a list, or a scalar value.</doc>
<msg timestamp="20220712 11:35:29.676" level="INFO">Loading JSON from file: c:\Users\htrinh\Documents\RoboCorp\My-Extended-Producer-Consumer-Robot-Template/devdata/env.json</msg>
<msg timestamp="20220712 11:35:29.678" level="INFO">${JsonConfig} = {'ProjectName': 'Template Project', 'RPA_WORKITEMS_ADAPTER': 'RPA.Robocorp.WorkItems.FileAdapter', 'RPA_INPUT_WORKITEM_PATH': '%{ROBOT_ROOT}/devdata/work-items-in/test-input-for-producer/work-items.js...</msg>
<status status="PASS" starttime="20220712 11:35:29.675" endtime="20220712 11:35:29.678"/>
</kw>
<kw name="Set To Dictionary" library="Collections">
<arg>${OutputDict}</arg>
<arg>jsonConfig</arg>
<arg>${JsonConfig}</arg>
<doc>Adds the given ``key_value_pairs`` and ``items`` to the ``dictionary``.</doc>
<status status="PASS" starttime="20220712 11:35:29.682" endtime="20220712 11:35:29.684"/>
</kw>
<for flavor="IN">
<var>${table}</var>
<value>@{tables}</value>
<iter>
<var name="${table}">Table1</var>
<kw name="Log" library="BuiltIn">
<arg>${table}</arg>
<doc>Logs the given message with the given level.</doc>
<msg timestamp="20220712 11:35:29.688" level="INFO">Table1</msg>
<status status="PASS" starttime="20220712 11:35:29.687" endtime="20220712 11:35:29.688"/>
</kw>
<kw name="Open Workbook" library="RPA.Excel.Files">
<arg>${ExcelConfigFilepath}</arg>
<doc>Open an existing Excel workbook.</doc>
<msg timestamp="20220712 11:35:29.717" level="INFO">Opened workbook: &lt;RPA.Excel.Files.XlsxWorkbook object at 0x0000025C54E41908&gt;</msg>
<status status="PASS" starttime="20220712 11:35:29.689" endtime="20220712 11:35:29.717"/>
</kw>
<kw name="Read Worksheet As Table" library="RPA.Excel.Files">
<var>${data}</var>
<arg>name=${table}</arg>
<doc>Read the contents of a worksheet into a Table container. Allows
sorting/filtering/manipulating using the ``RPA.Tables`` library.</doc>
<msg timestamp="20220712 11:35:29.719" level="INFO">Created table: Table(columns=['A', 'B', 'C'], rows=4)</msg>
<msg timestamp="20220712 11:35:29.720" level="INFO">${data} = Table(columns=['A', 'B', 'C'], rows=4)</msg>
<status status="PASS" starttime="20220712 11:35:29.718" endtime="20220712 11:35:29.720"/>
</kw>
<kw name="Set To Dictionary" library="Collections">
<arg>${OutputDict}</arg>
<arg>${table}</arg>
<arg>${data}</arg>
<doc>Adds the given ``key_value_pairs`` and ``items`` to the ``dictionary``.</doc>
<status status="PASS" starttime="20220712 11:35:29.721" endtime="20220712 11:35:29.722"/>
</kw>
<status status="PASS" starttime="20220712 11:35:29.685" endtime="20220712 11:35:29.722"/>
</iter>
<iter>
<var name="${table}">Table2</var>
<kw name="Log" library="BuiltIn">
<arg>${table}</arg>
<doc>Logs the given message with the given level.</doc>
<msg timestamp="20220712 11:35:29.725" level="INFO">Table2</msg>
<status status="PASS" starttime="20220712 11:35:29.724" endtime="20220712 11:35:29.725"/>
</kw>
<kw name="Open Workbook" library="RPA.Excel.Files">
<arg>${ExcelConfigFilepath}</arg>
<doc>Open an existing Excel workbook.</doc>
<msg timestamp="20220712 11:35:29.729" level="INFO">Closing workbook: &lt;RPA.Excel.Files.XlsxWorkbook object at 0x0000025C54E41908&gt;</msg>
<msg timestamp="20220712 11:35:29.760" level="INFO">Opened workbook: &lt;RPA.Excel.Files.XlsxWorkbook object at 0x0000025C54E4FC88&gt;</msg>
<status status="PASS" starttime="20220712 11:35:29.726" endtime="20220712 11:35:29.761"/>
</kw>
<kw name="Read Worksheet As Table" library="RPA.Excel.Files">
<var>${data}</var>
<arg>name=${table}</arg>
<doc>Read the contents of a worksheet into a Table container. Allows
sorting/filtering/manipulating using the ``RPA.Tables`` library.</doc>
<msg timestamp="20220712 11:35:29.763" level="INFO">Created table: Table(columns=['A', 'B', 'C', 'D'], rows=4)</msg>
<msg timestamp="20220712 11:35:29.763" level="INFO">${data} = Table(columns=['A', 'B', 'C', 'D'], rows=4)</msg>
<status status="PASS" starttime="20220712 11:35:29.761" endtime="20220712 11:35:29.763"/>
</kw>
<kw name="Set To Dictionary" library="Collections">
<arg>${OutputDict}</arg>
<arg>${table}</arg>
<arg>${data}</arg>
<doc>Adds the given ``key_value_pairs`` and ``items`` to the ``dictionary``.</doc>
<status status="PASS" starttime="20220712 11:35:29.764" endtime="20220712 11:35:29.765"/>
</kw>
<status status="PASS" starttime="20220712 11:35:29.723" endtime="20220712 11:35:29.766"/>
</iter>
<status status="PASS" starttime="20220712 11:35:29.684" endtime="20220712 11:35:29.766"/>
</for>
<return>
<value>${OutputDict}</value>
<status status="PASS" starttime="20220712 11:35:29.767" endtime="20220712 11:35:29.767"/>
</return>
<msg timestamp="20220712 11:35:29.769" level="INFO">${JsonConfig} = {'jsonConfig': {'ProjectName': 'Template Project', 'RPA_WORKITEMS_ADAPTER': 'RPA.Robocorp.WorkItems.FileAdapter', 'RPA_INPUT_WORKITEM_PATH': '%{ROBOT_ROOT}/devdata/work-items-in/test-input-for-produce...</msg>
<status status="PASS" starttime="20220712 11:35:29.672" endtime="20220712 11:35:29.769"/>
</kw>
<for flavor="IN">
<var>${table}</var>
<value>@{TableList}</value>
<iter>
<var name="${table}">Table1</var>
<kw name="Get value from JSON" library="RPA.JSON">
<var>${ReadTable}</var>
<arg>${JsonConfig}</arg>
<arg>$.[${table}]</arg>
<doc>Get a single value from a JSON serializable object that matches the given expression.</doc>
<msg timestamp="20220712 11:35:29.776" level="INFO">Get value from JSON with expression: '$.[Table1]'</msg>
<msg timestamp="20220712 11:35:29.901" level="INFO">${ReadTable} = Table(columns=['A', 'B', 'C'], rows=4)</msg>
<status status="PASS" starttime="20220712 11:35:29.774" endtime="20220712 11:35:29.901"/>
</kw>
<kw name="Get Table Dimensions" library="RPA.Tables">
<var>${rows}</var>
<var>${columns}</var>
<arg>${ReadTable}</arg>
<doc>Return table dimensions, as (rows, columns).</doc>
<msg timestamp="20220712 11:35:29.903" level="INFO">${rows} = 4</msg>
<msg timestamp="20220712 11:35:29.904" level="INFO">${columns} = 3</msg>
<status status="PASS" starttime="20220712 11:35:29.902" endtime="20220712 11:35:29.904"/>
</kw>
<kw name="Should Not Be Equal" library="BuiltIn">
<arg>${rows}</arg>
<arg>0</arg>
<doc>Fails if the given objects are equal.</doc>
<msg timestamp="20220712 11:35:29.906" level="INFO">Argument types are:
&lt;class 'int'&gt;
&lt;class 'str'&gt;</msg>
<status status="PASS" starttime="20220712 11:35:29.905" endtime="20220712 11:35:29.906"/>
</kw>
<kw name="Should Not Be Equal" library="BuiltIn">
<arg>${columns}</arg>
<arg>0</arg>
<doc>Fails if the given objects are equal.</doc>
<msg timestamp="20220712 11:35:29.907" level="INFO">Argument types are:
&lt;class 'int'&gt;
&lt;class 'str'&gt;</msg>
<status status="PASS" starttime="20220712 11:35:29.906" endtime="20220712 11:35:29.907"/>
</kw>
<status status="PASS" starttime="20220712 11:35:29.773" endtime="20220712 11:35:29.908"/>
</iter>
<iter>
<var name="${table}">Table2</var>
<kw name="Get value from JSON" library="RPA.JSON">
<var>${ReadTable}</var>
<arg>${JsonConfig}</arg>
<arg>$.[${table}]</arg>
<doc>Get a single value from a JSON serializable object that matches the given expression.</doc>
<msg timestamp="20220712 11:35:29.911" level="INFO">Get value from JSON with expression: '$.[Table2]'</msg>
<msg timestamp="20220712 11:35:30.006" level="INFO">${ReadTable} = Table(columns=['A', 'B', 'C', 'D'], rows=4)</msg>
<status status="PASS" starttime="20220712 11:35:29.909" endtime="20220712 11:35:30.006"/>
</kw>
<kw name="Get Table Dimensions" library="RPA.Tables">
<var>${rows}</var>
<var>${columns}</var>
<arg>${ReadTable}</arg>
<doc>Return table dimensions, as (rows, columns).</doc>
<msg timestamp="20220712 11:35:30.008" level="INFO">${rows} = 4</msg>
<msg timestamp="20220712 11:35:30.008" level="INFO">${columns} = 4</msg>
<status status="PASS" starttime="20220712 11:35:30.006" endtime="20220712 11:35:30.008"/>
</kw>
<kw name="Should Not Be Equal" library="BuiltIn">
<arg>${rows}</arg>
<arg>0</arg>
<doc>Fails if the given objects are equal.</doc>
<msg timestamp="20220712 11:35:30.010" level="INFO">Argument types are:
&lt;class 'int'&gt;
&lt;class 'str'&gt;</msg>
<status status="PASS" starttime="20220712 11:35:30.009" endtime="20220712 11:35:30.010"/>
</kw>
<kw name="Should Not Be Equal" library="BuiltIn">
<arg>${columns}</arg>
<arg>0</arg>
<doc>Fails if the given objects are equal.</doc>
<msg timestamp="20220712 11:35:30.012" level="INFO">Argument types are:
&lt;class 'int'&gt;
&lt;class 'str'&gt;</msg>
<status status="PASS" starttime="20220712 11:35:30.010" endtime="20220712 11:35:30.012"/>
</kw>
<status status="PASS" starttime="20220712 11:35:29.909" endtime="20220712 11:35:30.012"/>
</iter>
<status status="PASS" starttime="20220712 11:35:29.772" endtime="20220712 11:35:30.013"/>
</for>
<status status="PASS" starttime="20220712 11:35:29.664" endtime="20220712 11:35:30.014"/>
</test>
<status status="PASS" starttime="20220712 11:35:27.853" endtime="20220712 11:35:30.018"/>
</suite>
<statistics>
<total>
<stat pass="2" fail="0" skip="0">All Tests</stat>
</total>
<tag>
</tag>
<suite>
<stat pass="2" fail="0" skip="0" id="s1" name="Tests">Tests</stat>
</suite>
</statistics>
<errors>
</errors>
</robot>
