<?xml version="1.0" encoding="UTF-8"?>
<robot generator="Robot 5.0.1 (Python 3.7.5 on win32)" generated="20220711 12:48:31.091" rpa="false" schemaversion="3">
<suite id="s1" name="Robot Interactive Console" source="c:\Users\htrinh\.vscode\extensions\robocorp.robotframework-lsp-0.48.3\src\robotframework_ls\vendored\robotframework_interactive\robot_interactive_console.robot">
<test id="s1-t1" name="Default Task/Test" line="5">
<kw name="Interpreter Main Loop" library="MainLoop">
<kw name="Initialize All Settings">
<kw name="Load JSON from file">
<var>${JsonConfig}</var>
<arg>${JsonConfigFilepath}</arg>
<msg timestamp="20220711 12:51:30.645" level="FAIL">No keyword with name 'Load JSON from file' found.</msg>
<status status="FAIL" starttime="20220711 12:51:30.645" endtime="20220711 12:51:30.646"/>
</kw>
<kw name="Get value from JSON">
<var>${TestValue}</var>
<arg>${JsonConfig}</arg>
<arg>$.Test</arg>
<status status="NOT RUN" starttime="20220711 12:51:30.652" endtime="20220711 12:51:30.652"/>
</kw>
<kw name="Log" library="BuiltIn">
<arg>${TestValue}</arg>
<doc>Logs the given message with the given level.</doc>
<status status="NOT RUN" starttime="20220711 12:51:30.652" endtime="20220711 12:51:30.653"/>
</kw>
<status status="FAIL" starttime="20220711 12:51:30.642" endtime="20220711 12:51:30.655"/>
</kw>
<kw name="Run Keyword" library="BuiltIn">
<arg>Initialize All Settings</arg>
<doc>Executes the given keyword with the given arguments.</doc>
<kw name="Initialize All Settings">
<kw name="Load JSON from file">
<var>${JsonConfig}</var>
<arg>${JsonConfigFilepath}</arg>
<msg timestamp="20220711 12:52:16.029" level="FAIL">No keyword with name 'Load JSON from file' found.</msg>
<status status="FAIL" starttime="20220711 12:52:16.029" endtime="20220711 12:52:16.029"/>
</kw>
<kw name="Get value from JSON">
<var>${TestValue}</var>
<arg>${JsonConfig}</arg>
<arg>$.Test</arg>
<status status="NOT RUN" starttime="20220711 12:52:16.034" endtime="20220711 12:52:16.036"/>
</kw>
<kw name="Log" library="BuiltIn">
<arg>${TestValue}</arg>
<doc>Logs the given message with the given level.</doc>
<status status="NOT RUN" starttime="20220711 12:52:16.037" endtime="20220711 12:52:16.038"/>
</kw>
<status status="FAIL" starttime="20220711 12:52:16.025" endtime="20220711 12:52:16.041"/>
</kw>
<status status="FAIL" starttime="20220711 12:52:16.023" endtime="20220711 12:52:16.041"/>
</kw>
<status status="PASS" starttime="20220711 12:48:31.130" endtime="20220711 13:15:11.968"/>
</kw>
<status status="PASS" starttime="20220711 12:48:31.127" endtime="20220711 13:15:11.968"/>
</test>
<status status="PASS" starttime="20220711 12:48:31.094" endtime="20220711 13:15:11.970"/>
</suite>
<statistics>
<total>
<stat pass="1" fail="0" skip="0">All Tests</stat>
</total>
<tag>
</tag>
<suite>
<stat pass="1" fail="0" skip="0" id="s1" name="Robot Interactive Console">Robot Interactive Console</stat>
</suite>
</statistics>
<errors>
</errors>
</robot>
