<?xml version="1.0" encoding="UTF-8"?>
<robot generator="Robot 5.0.1 (Python 3.7.5 on win32)" generated="20220707 11:37:06.961" rpa="false" schemaversion="3">
<suite id="s1" name="Robot Interactive Console" source="c:\Users\Hewitt\.vscode\extensions\robocorp.robotframework-lsp-0.48.2\src\robotframework_ls\vendored\robotframework_interactive\robot_interactive_console.robot">
<test id="s1-t1" name="Default Task/Test" line="5">
<kw name="Interpreter Main Loop" library="MainLoop">
<status status="PASS" starttime="20220707 11:37:06.997" endtime="20220707 11:39:10.442"/>
</kw>
<status status="PASS" starttime="20220707 11:37:06.997" endtime="20220707 11:39:10.442"/>
</test>
<status status="PASS" starttime="20220707 11:37:06.963" endtime="20220707 11:39:10.443"/>
</suite>
<statistics>
<total>
<stat pass="1" fail="0" skip="0">All Tests</stat>
</total>
<tag>
</tag>
<suite>
<stat pass="1" fail="0" skip="0" id="s1" name="Robot Interactive Console">Robot Interactive Console</stat>
</suite>
</statistics>
<errors>
</errors>
</robot>
